The target system is: Generic -  - 
The host system is: Linux - 4.19.0-10-amd64 - x86_64
Compiling the C compiler identification source file "CMakeCCompilerId.c" succeeded.
Compiler: /home/nicolas/esp/xtensa-lx106-elf/bin/xtensa-lx106-elf-gcc 
Build flags: -mlongcalls;-Wno-frame-address
Id flags:  

The output was:
0


Compilation of the C compiler identification source "CMakeCCompilerId.c" produced "a.out"

The C compiler identification is GNU, found in "/home/nicolas/esp/chaufeeau_solaire/build/CMakeFiles/3.13.4/CompilerIdC/a.out"

Compiling the CXX compiler identification source file "CMakeCXXCompilerId.cpp" succeeded.
Compiler: /home/nicolas/esp/xtensa-lx106-elf/bin/xtensa-lx106-elf-g++ 
Build flags: -mlongcalls;-Wno-frame-address
Id flags:  

The output was:
0


Compilation of the CXX compiler identification source "CMakeCXXCompilerId.cpp" produced "a.out"

The CXX compiler identification is GNU, found in "/home/nicolas/esp/chaufeeau_solaire/build/CMakeFiles/3.13.4/CompilerIdCXX/a.out"

Checking whether the ASM compiler is GNU using "--version" matched "(GNU assembler)|(GCC)|(Free Software Foundation)":
xtensa-lx106-elf-gcc (crosstool-NG esp-2020r3-49-gd5524c1) 8.4.0
Copyright (C) 2018 Free Software Foundation, Inc.
This is free software; see the source for copying conditions.  There is NO
warranty; not even for MERCHANTABILITY or FITNESS FOR A PARTICULAR PURPOSE.

Determining if the C compiler works passed with the following output:
Change Dir: /home/nicolas/esp/chaufeeau_solaire/build/CMakeFiles/CMakeTmp

Run Build Command:"/usr/bin/make" "cmTC_846f4/fast"
/usr/bin/make -f CMakeFiles/cmTC_846f4.dir/build.make CMakeFiles/cmTC_846f4.dir/build
make[1] : on entre dans le répertoire « /home/nicolas/esp/chaufeeau_solaire/build/CMakeFiles/CMakeTmp »
Building C object CMakeFiles/cmTC_846f4.dir/testCCompiler.c.obj
/home/nicolas/esp/xtensa-lx106-elf/bin/xtensa-lx106-elf-gcc   -mlongcalls -Wno-frame-address    -o CMakeFiles/cmTC_846f4.dir/testCCompiler.c.obj   -c /home/nicolas/esp/chaufeeau_solaire/build/CMakeFiles/CMakeTmp/testCCompiler.c
Linking C executable cmTC_846f4
/usr/bin/cmake -E cmake_link_script CMakeFiles/cmTC_846f4.dir/link.txt --verbose=1
/home/nicolas/esp/xtensa-lx106-elf/bin/xtensa-lx106-elf-gcc -mlongcalls -Wno-frame-address   -nostdlib -Wl,--gc-sections  CMakeFiles/cmTC_846f4.dir/testCCompiler.c.obj  -o cmTC_846f4 
/home/nicolas/esp/xtensa-lx106-elf/bin/../lib/gcc/xtensa-lx106-elf/8.4.0/../../../../xtensa-lx106-elf/bin/ld: warning: cannot find entry symbol _start; not setting start address
make[1] : on quitte le répertoire « /home/nicolas/esp/chaufeeau_solaire/build/CMakeFiles/CMakeTmp »


Detecting C compiler ABI info compiled with the following output:
Change Dir: /home/nicolas/esp/chaufeeau_solaire/build/CMakeFiles/CMakeTmp

Run Build Command:"/usr/bin/make" "cmTC_f42d5/fast"
/usr/bin/make -f CMakeFiles/cmTC_f42d5.dir/build.make CMakeFiles/cmTC_f42d5.dir/build
make[1] : on entre dans le répertoire « /home/nicolas/esp/chaufeeau_solaire/build/CMakeFiles/CMakeTmp »
Building C object CMakeFiles/cmTC_f42d5.dir/CMakeCCompilerABI.c.obj
/home/nicolas/esp/xtensa-lx106-elf/bin/xtensa-lx106-elf-gcc   -mlongcalls -Wno-frame-address    -o CMakeFiles/cmTC_f42d5.dir/CMakeCCompilerABI.c.obj   -c /usr/share/cmake-3.13/Modules/CMakeCCompilerABI.c
Linking C executable cmTC_f42d5
/usr/bin/cmake -E cmake_link_script CMakeFiles/cmTC_f42d5.dir/link.txt --verbose=1
/home/nicolas/esp/xtensa-lx106-elf/bin/xtensa-lx106-elf-gcc -mlongcalls -Wno-frame-address   -nostdlib -Wl,--gc-sections -v CMakeFiles/cmTC_f42d5.dir/CMakeCCompilerABI.c.obj  -o cmTC_f42d5 
Using built-in specs.
COLLECT_GCC=/home/nicolas/esp/xtensa-lx106-elf/bin/xtensa-lx106-elf-gcc
COLLECT_LTO_WRAPPER=/home/nicolas/esp/xtensa-lx106-elf/bin/../libexec/gcc/xtensa-lx106-elf/8.4.0/lto-wrapper
Target: xtensa-lx106-elf
Configured with: /builds/idf/crosstool-NG/.build/xtensa-lx106-elf/src/gcc/configure --build=x86_64-build_pc-linux-gnu --host=x86_64-build_pc-linux-gnu --target=xtensa-lx106-elf --prefix=/builds/idf/crosstool-NG/builds/xtensa-lx106-elf --with-local-prefix=/builds/idf/crosstool-NG/builds/xtensa-lx106-elf/xtensa-lx106-elf --with-headers=/builds/idf/crosstool-NG/builds/xtensa-lx106-elf/xtensa-lx106-elf/include --with-newlib --enable-threads=no --disable-shared --with-pkgversion='crosstool-NG esp-2020r3-49-gd5524c1' --disable-__cxa_atexit --enable-cxx-flags=-ffunction-sections --disable-libgomp --disable-libmudflap --disable-libmpx --disable-libssp --disable-libquadmath --disable-libquadmath-support --with-gmp=/builds/idf/crosstool-NG/.build/xtensa-lx106-elf/buildtools --with-mpfr=/builds/idf/crosstool-NG/.build/xtensa-lx106-elf/buildtools --with-mpc=/builds/idf/crosstool-NG/.build/xtensa-lx106-elf/buildtools --with-isl=/builds/idf/crosstool-NG/.build/xtensa-lx106-elf/buildtools --enable-lto --enable-target-optspace --without-long-double-128 --disable-nls --enable-multiarch --enable-languages=c,c++ --disable-libstdcxx-verbose --enable-threads=posix --enable-libstdcxx-time=yes
Thread model: posix
gcc version 8.4.0 (crosstool-NG esp-2020r3-49-gd5524c1) 
COMPILER_PATH=/home/nicolas/esp/xtensa-lx106-elf/bin/../libexec/gcc/xtensa-lx106-elf/8.4.0/:/home/nicolas/esp/xtensa-lx106-elf/bin/../libexec/gcc/:/home/nicolas/esp/xtensa-lx106-elf/bin/../lib/gcc/xtensa-lx106-elf/8.4.0/../../../../xtensa-lx106-elf/bin/
LIBRARY_PATH=/home/nicolas/esp/xtensa-lx106-elf/bin/../lib/gcc/xtensa-lx106-elf/8.4.0/:/home/nicolas/esp/xtensa-lx106-elf/bin/../lib/gcc/:/home/nicolas/esp/xtensa-lx106-elf/bin/../lib/gcc/xtensa-lx106-elf/8.4.0/../../../../xtensa-lx106-elf/lib/
COLLECT_GCC_OPTIONS='-mlongcalls' '-Wno-frame-address' '-nostdlib' '-v' '-o' 'cmTC_f42d5'
 /home/nicolas/esp/xtensa-lx106-elf/bin/../libexec/gcc/xtensa-lx106-elf/8.4.0/collect2 -plugin /home/nicolas/esp/xtensa-lx106-elf/bin/../libexec/gcc/xtensa-lx106-elf/8.4.0/liblto_plugin.so -plugin-opt=/home/nicolas/esp/xtensa-lx106-elf/bin/../libexec/gcc/xtensa-lx106-elf/8.4.0/lto-wrapper -plugin-opt=-fresolution=/tmp/ccNNyEwU.res -o cmTC_f42d5 -L/home/nicolas/esp/xtensa-lx106-elf/bin/../lib/gcc/xtensa-lx106-elf/8.4.0 -L/home/nicolas/esp/xtensa-lx106-elf/bin/../lib/gcc -L/home/nicolas/esp/xtensa-lx106-elf/bin/../lib/gcc/xtensa-lx106-elf/8.4.0/../../../../xtensa-lx106-elf/lib --gc-sections CMakeFiles/cmTC_f42d5.dir/CMakeCCompilerABI.c.obj
/home/nicolas/esp/xtensa-lx106-elf/bin/../lib/gcc/xtensa-lx106-elf/8.4.0/../../../../xtensa-lx106-elf/bin/ld: warning: cannot find entry symbol _start; not setting start address
COLLECT_GCC_OPTIONS='-mlongcalls' '-Wno-frame-address' '-nostdlib' '-v' '-o' 'cmTC_f42d5'
make[1] : on quitte le répertoire « /home/nicolas/esp/chaufeeau_solaire/build/CMakeFiles/CMakeTmp »


Parsed C implicit link information from above output:
  link line regex: [^( *|.*[/\])(xtensa-lx106-elf-ld|CMAKE_LINK_STARTFILE-NOTFOUND|([^/\]+-)?ld|collect2)[^/\]*( |$)]
  ignore line: [Change Dir: /home/nicolas/esp/chaufeeau_solaire/build/CMakeFiles/CMakeTmp]
  ignore line: []
  ignore line: [Run Build Command:"/usr/bin/make" "cmTC_f42d5/fast"]
  ignore line: [/usr/bin/make -f CMakeFiles/cmTC_f42d5.dir/build.make CMakeFiles/cmTC_f42d5.dir/build]
  ignore line: [make[1] : on entre dans le répertoire « /home/nicolas/esp/chaufeeau_solaire/build/CMakeFiles/CMakeTmp »]
  ignore line: [Building C object CMakeFiles/cmTC_f42d5.dir/CMakeCCompilerABI.c.obj]
  ignore line: [/home/nicolas/esp/xtensa-lx106-elf/bin/xtensa-lx106-elf-gcc   -mlongcalls -Wno-frame-address    -o CMakeFiles/cmTC_f42d5.dir/CMakeCCompilerABI.c.obj   -c /usr/share/cmake-3.13/Modules/CMakeCCompilerABI.c]
  ignore line: [Linking C executable cmTC_f42d5]
  ignore line: [/usr/bin/cmake -E cmake_link_script CMakeFiles/cmTC_f42d5.dir/link.txt --verbose=1]
  ignore line: [/home/nicolas/esp/xtensa-lx106-elf/bin/xtensa-lx106-elf-gcc -mlongcalls -Wno-frame-address   -nostdlib -Wl,--gc-sections -v CMakeFiles/cmTC_f42d5.dir/CMakeCCompilerABI.c.obj  -o cmTC_f42d5 ]
  ignore line: [Using built-in specs.]
  ignore line: [COLLECT_GCC=/home/nicolas/esp/xtensa-lx106-elf/bin/xtensa-lx106-elf-gcc]
  ignore line: [COLLECT_LTO_WRAPPER=/home/nicolas/esp/xtensa-lx106-elf/bin/../libexec/gcc/xtensa-lx106-elf/8.4.0/lto-wrapper]
  ignore line: [Target: xtensa-lx106-elf]
  ignore line: [Configured with: /builds/idf/crosstool-NG/.build/xtensa-lx106-elf/src/gcc/configure --build=x86_64-build_pc-linux-gnu --host=x86_64-build_pc-linux-gnu --target=xtensa-lx106-elf --prefix=/builds/idf/crosstool-NG/builds/xtensa-lx106-elf --with-local-prefix=/builds/idf/crosstool-NG/builds/xtensa-lx106-elf/xtensa-lx106-elf --with-headers=/builds/idf/crosstool-NG/builds/xtensa-lx106-elf/xtensa-lx106-elf/include --with-newlib --enable-threads=no --disable-shared --with-pkgversion='crosstool-NG esp-2020r3-49-gd5524c1' --disable-__cxa_atexit --enable-cxx-flags=-ffunction-sections --disable-libgomp --disable-libmudflap --disable-libmpx --disable-libssp --disable-libquadmath --disable-libquadmath-support --with-gmp=/builds/idf/crosstool-NG/.build/xtensa-lx106-elf/buildtools --with-mpfr=/builds/idf/crosstool-NG/.build/xtensa-lx106-elf/buildtools --with-mpc=/builds/idf/crosstool-NG/.build/xtensa-lx106-elf/buildtools --with-isl=/builds/idf/crosstool-NG/.build/xtensa-lx106-elf/buildtools --enable-lto --enable-target-optspace --without-long-double-128 --disable-nls --enable-multiarch --enable-languages=c,c++ --disable-libstdcxx-verbose --enable-threads=posix --enable-libstdcxx-time=yes]
  ignore line: [Thread model: posix]
  ignore line: [gcc version 8.4.0 (crosstool-NG esp-2020r3-49-gd5524c1) ]
  ignore line: [COMPILER_PATH=/home/nicolas/esp/xtensa-lx106-elf/bin/../libexec/gcc/xtensa-lx106-elf/8.4.0/:/home/nicolas/esp/xtensa-lx106-elf/bin/../libexec/gcc/:/home/nicolas/esp/xtensa-lx106-elf/bin/../lib/gcc/xtensa-lx106-elf/8.4.0/../../../../xtensa-lx106-elf/bin/]
  ignore line: [LIBRARY_PATH=/home/nicolas/esp/xtensa-lx106-elf/bin/../lib/gcc/xtensa-lx106-elf/8.4.0/:/home/nicolas/esp/xtensa-lx106-elf/bin/../lib/gcc/:/home/nicolas/esp/xtensa-lx106-elf/bin/../lib/gcc/xtensa-lx106-elf/8.4.0/../../../../xtensa-lx106-elf/lib/]
  ignore line: [COLLECT_GCC_OPTIONS='-mlongcalls' '-Wno-frame-address' '-nostdlib' '-v' '-o' 'cmTC_f42d5']
  link line: [ /home/nicolas/esp/xtensa-lx106-elf/bin/../libexec/gcc/xtensa-lx106-elf/8.4.0/collect2 -plugin /home/nicolas/esp/xtensa-lx106-elf/bin/../libexec/gcc/xtensa-lx106-elf/8.4.0/liblto_plugin.so -plugin-opt=/home/nicolas/esp/xtensa-lx106-elf/bin/../libexec/gcc/xtensa-lx106-elf/8.4.0/lto-wrapper -plugin-opt=-fresolution=/tmp/ccNNyEwU.res -o cmTC_f42d5 -L/home/nicolas/esp/xtensa-lx106-elf/bin/../lib/gcc/xtensa-lx106-elf/8.4.0 -L/home/nicolas/esp/xtensa-lx106-elf/bin/../lib/gcc -L/home/nicolas/esp/xtensa-lx106-elf/bin/../lib/gcc/xtensa-lx106-elf/8.4.0/../../../../xtensa-lx106-elf/lib --gc-sections CMakeFiles/cmTC_f42d5.dir/CMakeCCompilerABI.c.obj]
    arg [/home/nicolas/esp/xtensa-lx106-elf/bin/../libexec/gcc/xtensa-lx106-elf/8.4.0/collect2] ==> ignore
    arg [-plugin] ==> ignore
    arg [/home/nicolas/esp/xtensa-lx106-elf/bin/../libexec/gcc/xtensa-lx106-elf/8.4.0/liblto_plugin.so] ==> ignore
    arg [-plugin-opt=/home/nicolas/esp/xtensa-lx106-elf/bin/../libexec/gcc/xtensa-lx106-elf/8.4.0/lto-wrapper] ==> ignore
    arg [-plugin-opt=-fresolution=/tmp/ccNNyEwU.res] ==> ignore
    arg [-o] ==> ignore
    arg [cmTC_f42d5] ==> ignore
    arg [-L/home/nicolas/esp/xtensa-lx106-elf/bin/../lib/gcc/xtensa-lx106-elf/8.4.0] ==> dir [/home/nicolas/esp/xtensa-lx106-elf/bin/../lib/gcc/xtensa-lx106-elf/8.4.0]
    arg [-L/home/nicolas/esp/xtensa-lx106-elf/bin/../lib/gcc] ==> dir [/home/nicolas/esp/xtensa-lx106-elf/bin/../lib/gcc]
    arg [-L/home/nicolas/esp/xtensa-lx106-elf/bin/../lib/gcc/xtensa-lx106-elf/8.4.0/../../../../xtensa-lx106-elf/lib] ==> dir [/home/nicolas/esp/xtensa-lx106-elf/bin/../lib/gcc/xtensa-lx106-elf/8.4.0/../../../../xtensa-lx106-elf/lib]
    arg [--gc-sections] ==> ignore
    arg [CMakeFiles/cmTC_f42d5.dir/CMakeCCompilerABI.c.obj] ==> ignore
  collapse library dir [/home/nicolas/esp/xtensa-lx106-elf/bin/../lib/gcc/xtensa-lx106-elf/8.4.0] ==> [/home/nicolas/esp/xtensa-lx106-elf/lib/gcc/xtensa-lx106-elf/8.4.0]
  collapse library dir [/home/nicolas/esp/xtensa-lx106-elf/bin/../lib/gcc] ==> [/home/nicolas/esp/xtensa-lx106-elf/lib/gcc]
  collapse library dir [/home/nicolas/esp/xtensa-lx106-elf/bin/../lib/gcc/xtensa-lx106-elf/8.4.0/../../../../xtensa-lx106-elf/lib] ==> [/home/nicolas/esp/xtensa-lx106-elf/xtensa-lx106-elf/lib]
  implicit libs: []
  implicit dirs: [/home/nicolas/esp/xtensa-lx106-elf/lib/gcc/xtensa-lx106-elf/8.4.0;/home/nicolas/esp/xtensa-lx106-elf/lib/gcc;/home/nicolas/esp/xtensa-lx106-elf/xtensa-lx106-elf/lib]
  implicit fwks: []




Detecting C [-std=c11] compiler features compiled with the following output:
Change Dir: /home/nicolas/esp/chaufeeau_solaire/build/CMakeFiles/CMakeTmp

Run Build Command:"/usr/bin/make" "cmTC_41a5d/fast"
/usr/bin/make -f CMakeFiles/cmTC_41a5d.dir/build.make CMakeFiles/cmTC_41a5d.dir/build
make[1] : on entre dans le répertoire « /home/nicolas/esp/chaufeeau_solaire/build/CMakeFiles/CMakeTmp »
Building C object CMakeFiles/cmTC_41a5d.dir/feature_tests.c.obj
/home/nicolas/esp/xtensa-lx106-elf/bin/xtensa-lx106-elf-gcc   -mlongcalls -Wno-frame-address    -std=c11 -o CMakeFiles/cmTC_41a5d.dir/feature_tests.c.obj   -c /home/nicolas/esp/chaufeeau_solaire/build/CMakeFiles/feature_tests.c
Linking C executable cmTC_41a5d
/usr/bin/cmake -E cmake_link_script CMakeFiles/cmTC_41a5d.dir/link.txt --verbose=1
/home/nicolas/esp/xtensa-lx106-elf/bin/xtensa-lx106-elf-gcc -mlongcalls -Wno-frame-address   -nostdlib -Wl,--gc-sections  CMakeFiles/cmTC_41a5d.dir/feature_tests.c.obj  -o cmTC_41a5d 
/home/nicolas/esp/xtensa-lx106-elf/bin/../lib/gcc/xtensa-lx106-elf/8.4.0/../../../../xtensa-lx106-elf/bin/ld: warning: cannot find entry symbol _start; not setting start address
make[1] : on quitte le répertoire « /home/nicolas/esp/chaufeeau_solaire/build/CMakeFiles/CMakeTmp »




Detecting C [-std=c99] compiler features compiled with the following output:
Change Dir: /home/nicolas/esp/chaufeeau_solaire/build/CMakeFiles/CMakeTmp

Run Build Command:"/usr/bin/make" "cmTC_4faf6/fast"
/usr/bin/make -f CMakeFiles/cmTC_4faf6.dir/build.make CMakeFiles/cmTC_4faf6.dir/build
make[1] : on entre dans le répertoire « /home/nicolas/esp/chaufeeau_solaire/build/CMakeFiles/CMakeTmp »
Building C object CMakeFiles/cmTC_4faf6.dir/feature_tests.c.obj
/home/nicolas/esp/xtensa-lx106-elf/bin/xtensa-lx106-elf-gcc   -mlongcalls -Wno-frame-address    -std=c99 -o CMakeFiles/cmTC_4faf6.dir/feature_tests.c.obj   -c /home/nicolas/esp/chaufeeau_solaire/build/CMakeFiles/feature_tests.c
Linking C executable cmTC_4faf6
/usr/bin/cmake -E cmake_link_script CMakeFiles/cmTC_4faf6.dir/link.txt --verbose=1
/home/nicolas/esp/xtensa-lx106-elf/bin/xtensa-lx106-elf-gcc -mlongcalls -Wno-frame-address   -nostdlib -Wl,--gc-sections  CMakeFiles/cmTC_4faf6.dir/feature_tests.c.obj  -o cmTC_4faf6 
/home/nicolas/esp/xtensa-lx106-elf/bin/../lib/gcc/xtensa-lx106-elf/8.4.0/../../../../xtensa-lx106-elf/bin/ld: warning: cannot find entry symbol _start; not setting start address
make[1] : on quitte le répertoire « /home/nicolas/esp/chaufeeau_solaire/build/CMakeFiles/CMakeTmp »




Detecting C [-std=c90] compiler features compiled with the following output:
Change Dir: /home/nicolas/esp/chaufeeau_solaire/build/CMakeFiles/CMakeTmp

Run Build Command:"/usr/bin/make" "cmTC_256cf/fast"
/usr/bin/make -f CMakeFiles/cmTC_256cf.dir/build.make CMakeFiles/cmTC_256cf.dir/build
make[1] : on entre dans le répertoire « /home/nicolas/esp/chaufeeau_solaire/build/CMakeFiles/CMakeTmp »
Building C object CMakeFiles/cmTC_256cf.dir/feature_tests.c.obj
/home/nicolas/esp/xtensa-lx106-elf/bin/xtensa-lx106-elf-gcc   -mlongcalls -Wno-frame-address    -std=c90 -o CMakeFiles/cmTC_256cf.dir/feature_tests.c.obj   -c /home/nicolas/esp/chaufeeau_solaire/build/CMakeFiles/feature_tests.c
Linking C executable cmTC_256cf
/usr/bin/cmake -E cmake_link_script CMakeFiles/cmTC_256cf.dir/link.txt --verbose=1
/home/nicolas/esp/xtensa-lx106-elf/bin/xtensa-lx106-elf-gcc -mlongcalls -Wno-frame-address   -nostdlib -Wl,--gc-sections  CMakeFiles/cmTC_256cf.dir/feature_tests.c.obj  -o cmTC_256cf 
/home/nicolas/esp/xtensa-lx106-elf/bin/../lib/gcc/xtensa-lx106-elf/8.4.0/../../../../xtensa-lx106-elf/bin/ld: warning: cannot find entry symbol _start; not setting start address
make[1] : on quitte le répertoire « /home/nicolas/esp/chaufeeau_solaire/build/CMakeFiles/CMakeTmp »


Determining if the CXX compiler works passed with the following output:
Change Dir: /home/nicolas/esp/chaufeeau_solaire/build/CMakeFiles/CMakeTmp

Run Build Command:"/usr/bin/make" "cmTC_99ddc/fast"
/usr/bin/make -f CMakeFiles/cmTC_99ddc.dir/build.make CMakeFiles/cmTC_99ddc.dir/build
make[1] : on entre dans le répertoire « /home/nicolas/esp/chaufeeau_solaire/build/CMakeFiles/CMakeTmp »
Building CXX object CMakeFiles/cmTC_99ddc.dir/testCXXCompiler.cxx.obj
/home/nicolas/esp/xtensa-lx106-elf/bin/xtensa-lx106-elf-g++    -mlongcalls -Wno-frame-address    -o CMakeFiles/cmTC_99ddc.dir/testCXXCompiler.cxx.obj -c /home/nicolas/esp/chaufeeau_solaire/build/CMakeFiles/CMakeTmp/testCXXCompiler.cxx
Linking CXX executable cmTC_99ddc
/usr/bin/cmake -E cmake_link_script CMakeFiles/cmTC_99ddc.dir/link.txt --verbose=1
/home/nicolas/esp/xtensa-lx106-elf/bin/xtensa-lx106-elf-g++  -mlongcalls -Wno-frame-address   -nostdlib -Wl,--gc-sections  CMakeFiles/cmTC_99ddc.dir/testCXXCompiler.cxx.obj  -o cmTC_99ddc 
/home/nicolas/esp/xtensa-lx106-elf/bin/../lib/gcc/xtensa-lx106-elf/8.4.0/../../../../xtensa-lx106-elf/bin/ld: warning: cannot find entry symbol _start; not setting start address
make[1] : on quitte le répertoire « /home/nicolas/esp/chaufeeau_solaire/build/CMakeFiles/CMakeTmp »


Detecting CXX compiler ABI info compiled with the following output:
Change Dir: /home/nicolas/esp/chaufeeau_solaire/build/CMakeFiles/CMakeTmp

Run Build Command:"/usr/bin/make" "cmTC_e504d/fast"
/usr/bin/make -f CMakeFiles/cmTC_e504d.dir/build.make CMakeFiles/cmTC_e504d.dir/build
make[1] : on entre dans le répertoire « /home/nicolas/esp/chaufeeau_solaire/build/CMakeFiles/CMakeTmp »
Building CXX object CMakeFiles/cmTC_e504d.dir/CMakeCXXCompilerABI.cpp.obj
/home/nicolas/esp/xtensa-lx106-elf/bin/xtensa-lx106-elf-g++    -mlongcalls -Wno-frame-address    -o CMakeFiles/cmTC_e504d.dir/CMakeCXXCompilerABI.cpp.obj -c /usr/share/cmake-3.13/Modules/CMakeCXXCompilerABI.cpp
Linking CXX executable cmTC_e504d
/usr/bin/cmake -E cmake_link_script CMakeFiles/cmTC_e504d.dir/link.txt --verbose=1
/home/nicolas/esp/xtensa-lx106-elf/bin/xtensa-lx106-elf-g++  -mlongcalls -Wno-frame-address   -nostdlib -Wl,--gc-sections -v CMakeFiles/cmTC_e504d.dir/CMakeCXXCompilerABI.cpp.obj  -o cmTC_e504d 
Using built-in specs.
COLLECT_GCC=/home/nicolas/esp/xtensa-lx106-elf/bin/xtensa-lx106-elf-g++
COLLECT_LTO_WRAPPER=/home/nicolas/esp/xtensa-lx106-elf/bin/../libexec/gcc/xtensa-lx106-elf/8.4.0/lto-wrapper
Target: xtensa-lx106-elf
Configured with: /builds/idf/crosstool-NG/.build/xtensa-lx106-elf/src/gcc/configure --build=x86_64-build_pc-linux-gnu --host=x86_64-build_pc-linux-gnu --target=xtensa-lx106-elf --prefix=/builds/idf/crosstool-NG/builds/xtensa-lx106-elf --with-local-prefix=/builds/idf/crosstool-NG/builds/xtensa-lx106-elf/xtensa-lx106-elf --with-headers=/builds/idf/crosstool-NG/builds/xtensa-lx106-elf/xtensa-lx106-elf/include --with-newlib --enable-threads=no --disable-shared --with-pkgversion='crosstool-NG esp-2020r3-49-gd5524c1' --disable-__cxa_atexit --enable-cxx-flags=-ffunction-sections --disable-libgomp --disable-libmudflap --disable-libmpx --disable-libssp --disable-libquadmath --disable-libquadmath-support --with-gmp=/builds/idf/crosstool-NG/.build/xtensa-lx106-elf/buildtools --with-mpfr=/builds/idf/crosstool-NG/.build/xtensa-lx106-elf/buildtools --with-mpc=/builds/idf/crosstool-NG/.build/xtensa-lx106-elf/buildtools --with-isl=/builds/idf/crosstool-NG/.build/xtensa-lx106-elf/buildtools --enable-lto --enable-target-optspace --without-long-double-128 --disable-nls --enable-multiarch --enable-languages=c,c++ --disable-libstdcxx-verbose --enable-threads=posix --enable-libstdcxx-time=yes
Thread model: posix
gcc version 8.4.0 (crosstool-NG esp-2020r3-49-gd5524c1) 
COMPILER_PATH=/home/nicolas/esp/xtensa-lx106-elf/bin/../libexec/gcc/xtensa-lx106-elf/8.4.0/:/home/nicolas/esp/xtensa-lx106-elf/bin/../libexec/gcc/:/home/nicolas/esp/xtensa-lx106-elf/bin/../lib/gcc/xtensa-lx106-elf/8.4.0/../../../../xtensa-lx106-elf/bin/
LIBRARY_PATH=/home/nicolas/esp/xtensa-lx106-elf/bin/../lib/gcc/xtensa-lx106-elf/8.4.0/:/home/nicolas/esp/xtensa-lx106-elf/bin/../lib/gcc/:/home/nicolas/esp/xtensa-lx106-elf/bin/../lib/gcc/xtensa-lx106-elf/8.4.0/../../../../xtensa-lx106-elf/lib/
COLLECT_GCC_OPTIONS='-mlongcalls' '-Wno-frame-address' '-nostdlib' '-v' '-o' 'cmTC_e504d'
 /home/nicolas/esp/xtensa-lx106-elf/bin/../libexec/gcc/xtensa-lx106-elf/8.4.0/collect2 -plugin /home/nicolas/esp/xtensa-lx106-elf/bin/../libexec/gcc/xtensa-lx106-elf/8.4.0/liblto_plugin.so -plugin-opt=/home/nicolas/esp/xtensa-lx106-elf/bin/../libexec/gcc/xtensa-lx106-elf/8.4.0/lto-wrapper -plugin-opt=-fresolution=/tmp/ccB3XWFw.res -o cmTC_e504d -L/home/nicolas/esp/xtensa-lx106-elf/bin/../lib/gcc/xtensa-lx106-elf/8.4.0 -L/home/nicolas/esp/xtensa-lx106-elf/bin/../lib/gcc -L/home/nicolas/esp/xtensa-lx106-elf/bin/../lib/gcc/xtensa-lx106-elf/8.4.0/../../../../xtensa-lx106-elf/lib --gc-sections CMakeFiles/cmTC_e504d.dir/CMakeCXXCompilerABI.cpp.obj
/home/nicolas/esp/xtensa-lx106-elf/bin/../lib/gcc/xtensa-lx106-elf/8.4.0/../../../../xtensa-lx106-elf/bin/ld: warning: cannot find entry symbol _start; not setting start address
COLLECT_GCC_OPTIONS='-mlongcalls' '-Wno-frame-address' '-nostdlib' '-v' '-o' 'cmTC_e504d'
make[1] : on quitte le répertoire « /home/nicolas/esp/chaufeeau_solaire/build/CMakeFiles/CMakeTmp »


Parsed CXX implicit link information from above output:
  link line regex: [^( *|.*[/\])(xtensa-lx106-elf-ld|CMAKE_LINK_STARTFILE-NOTFOUND|([^/\]+-)?ld|collect2)[^/\]*( |$)]
  ignore line: [Change Dir: /home/nicolas/esp/chaufeeau_solaire/build/CMakeFiles/CMakeTmp]
  ignore line: []
  ignore line: [Run Build Command:"/usr/bin/make" "cmTC_e504d/fast"]
  ignore line: [/usr/bin/make -f CMakeFiles/cmTC_e504d.dir/build.make CMakeFiles/cmTC_e504d.dir/build]
  ignore line: [make[1] : on entre dans le répertoire « /home/nicolas/esp/chaufeeau_solaire/build/CMakeFiles/CMakeTmp »]
  ignore line: [Building CXX object CMakeFiles/cmTC_e504d.dir/CMakeCXXCompilerABI.cpp.obj]
  ignore line: [/home/nicolas/esp/xtensa-lx106-elf/bin/xtensa-lx106-elf-g++    -mlongcalls -Wno-frame-address    -o CMakeFiles/cmTC_e504d.dir/CMakeCXXCompilerABI.cpp.obj -c /usr/share/cmake-3.13/Modules/CMakeCXXCompilerABI.cpp]
  ignore line: [Linking CXX executable cmTC_e504d]
  ignore line: [/usr/bin/cmake -E cmake_link_script CMakeFiles/cmTC_e504d.dir/link.txt --verbose=1]
  ignore line: [/home/nicolas/esp/xtensa-lx106-elf/bin/xtensa-lx106-elf-g++  -mlongcalls -Wno-frame-address   -nostdlib -Wl,--gc-sections -v CMakeFiles/cmTC_e504d.dir/CMakeCXXCompilerABI.cpp.obj  -o cmTC_e504d ]
  ignore line: [Using built-in specs.]
  ignore line: [COLLECT_GCC=/home/nicolas/esp/xtensa-lx106-elf/bin/xtensa-lx106-elf-g++]
  ignore line: [COLLECT_LTO_WRAPPER=/home/nicolas/esp/xtensa-lx106-elf/bin/../libexec/gcc/xtensa-lx106-elf/8.4.0/lto-wrapper]
  ignore line: [Target: xtensa-lx106-elf]
  ignore line: [Configured with: /builds/idf/crosstool-NG/.build/xtensa-lx106-elf/src/gcc/configure --build=x86_64-build_pc-linux-gnu --host=x86_64-build_pc-linux-gnu --target=xtensa-lx106-elf --prefix=/builds/idf/crosstool-NG/builds/xtensa-lx106-elf --with-local-prefix=/builds/idf/crosstool-NG/builds/xtensa-lx106-elf/xtensa-lx106-elf --with-headers=/builds/idf/crosstool-NG/builds/xtensa-lx106-elf/xtensa-lx106-elf/include --with-newlib --enable-threads=no --disable-shared --with-pkgversion='crosstool-NG esp-2020r3-49-gd5524c1' --disable-__cxa_atexit --enable-cxx-flags=-ffunction-sections --disable-libgomp --disable-libmudflap --disable-libmpx --disable-libssp --disable-libquadmath --disable-libquadmath-support --with-gmp=/builds/idf/crosstool-NG/.build/xtensa-lx106-elf/buildtools --with-mpfr=/builds/idf/crosstool-NG/.build/xtensa-lx106-elf/buildtools --with-mpc=/builds/idf/crosstool-NG/.build/xtensa-lx106-elf/buildtools --with-isl=/builds/idf/crosstool-NG/.build/xtensa-lx106-elf/buildtools --enable-lto --enable-target-optspace --without-long-double-128 --disable-nls --enable-multiarch --enable-languages=c,c++ --disable-libstdcxx-verbose --enable-threads=posix --enable-libstdcxx-time=yes]
  ignore line: [Thread model: posix]
  ignore line: [gcc version 8.4.0 (crosstool-NG esp-2020r3-49-gd5524c1) ]
  ignore line: [COMPILER_PATH=/home/nicolas/esp/xtensa-lx106-elf/bin/../libexec/gcc/xtensa-lx106-elf/8.4.0/:/home/nicolas/esp/xtensa-lx106-elf/bin/../libexec/gcc/:/home/nicolas/esp/xtensa-lx106-elf/bin/../lib/gcc/xtensa-lx106-elf/8.4.0/../../../../xtensa-lx106-elf/bin/]
  ignore line: [LIBRARY_PATH=/home/nicolas/esp/xtensa-lx106-elf/bin/../lib/gcc/xtensa-lx106-elf/8.4.0/:/home/nicolas/esp/xtensa-lx106-elf/bin/../lib/gcc/:/home/nicolas/esp/xtensa-lx106-elf/bin/../lib/gcc/xtensa-lx106-elf/8.4.0/../../../../xtensa-lx106-elf/lib/]
  ignore line: [COLLECT_GCC_OPTIONS='-mlongcalls' '-Wno-frame-address' '-nostdlib' '-v' '-o' 'cmTC_e504d']
  link line: [ /home/nicolas/esp/xtensa-lx106-elf/bin/../libexec/gcc/xtensa-lx106-elf/8.4.0/collect2 -plugin /home/nicolas/esp/xtensa-lx106-elf/bin/../libexec/gcc/xtensa-lx106-elf/8.4.0/liblto_plugin.so -plugin-opt=/home/nicolas/esp/xtensa-lx106-elf/bin/../libexec/gcc/xtensa-lx106-elf/8.4.0/lto-wrapper -plugin-opt=-fresolution=/tmp/ccB3XWFw.res -o cmTC_e504d -L/home/nicolas/esp/xtensa-lx106-elf/bin/../lib/gcc/xtensa-lx106-elf/8.4.0 -L/home/nicolas/esp/xtensa-lx106-elf/bin/../lib/gcc -L/home/nicolas/esp/xtensa-lx106-elf/bin/../lib/gcc/xtensa-lx106-elf/8.4.0/../../../../xtensa-lx106-elf/lib --gc-sections CMakeFiles/cmTC_e504d.dir/CMakeCXXCompilerABI.cpp.obj]
    arg [/home/nicolas/esp/xtensa-lx106-elf/bin/../libexec/gcc/xtensa-lx106-elf/8.4.0/collect2] ==> ignore
    arg [-plugin] ==> ignore
    arg [/home/nicolas/esp/xtensa-lx106-elf/bin/../libexec/gcc/xtensa-lx106-elf/8.4.0/liblto_plugin.so] ==> ignore
    arg [-plugin-opt=/home/nicolas/esp/xtensa-lx106-elf/bin/../libexec/gcc/xtensa-lx106-elf/8.4.0/lto-wrapper] ==> ignore
    arg [-plugin-opt=-fresolution=/tmp/ccB3XWFw.res] ==> ignore
    arg [-o] ==> ignore
    arg [cmTC_e504d] ==> ignore
    arg [-L/home/nicolas/esp/xtensa-lx106-elf/bin/../lib/gcc/xtensa-lx106-elf/8.4.0] ==> dir [/home/nicolas/esp/xtensa-lx106-elf/bin/../lib/gcc/xtensa-lx106-elf/8.4.0]
    arg [-L/home/nicolas/esp/xtensa-lx106-elf/bin/../lib/gcc] ==> dir [/home/nicolas/esp/xtensa-lx106-elf/bin/../lib/gcc]
    arg [-L/home/nicolas/esp/xtensa-lx106-elf/bin/../lib/gcc/xtensa-lx106-elf/8.4.0/../../../../xtensa-lx106-elf/lib] ==> dir [/home/nicolas/esp/xtensa-lx106-elf/bin/../lib/gcc/xtensa-lx106-elf/8.4.0/../../../../xtensa-lx106-elf/lib]
    arg [--gc-sections] ==> ignore
    arg [CMakeFiles/cmTC_e504d.dir/CMakeCXXCompilerABI.cpp.obj] ==> ignore
  collapse library dir [/home/nicolas/esp/xtensa-lx106-elf/bin/../lib/gcc/xtensa-lx106-elf/8.4.0] ==> [/home/nicolas/esp/xtensa-lx106-elf/lib/gcc/xtensa-lx106-elf/8.4.0]
  collapse library dir [/home/nicolas/esp/xtensa-lx106-elf/bin/../lib/gcc] ==> [/home/nicolas/esp/xtensa-lx106-elf/lib/gcc]
  collapse library dir [/home/nicolas/esp/xtensa-lx106-elf/bin/../lib/gcc/xtensa-lx106-elf/8.4.0/../../../../xtensa-lx106-elf/lib] ==> [/home/nicolas/esp/xtensa-lx106-elf/xtensa-lx106-elf/lib]
  implicit libs: []
  implicit dirs: [/home/nicolas/esp/xtensa-lx106-elf/lib/gcc/xtensa-lx106-elf/8.4.0;/home/nicolas/esp/xtensa-lx106-elf/lib/gcc;/home/nicolas/esp/xtensa-lx106-elf/xtensa-lx106-elf/lib]
  implicit fwks: []




Detecting CXX [-std=c++2a] compiler features compiled with the following output:
Change Dir: /home/nicolas/esp/chaufeeau_solaire/build/CMakeFiles/CMakeTmp

Run Build Command:"/usr/bin/make" "cmTC_2746a/fast"
/usr/bin/make -f CMakeFiles/cmTC_2746a.dir/build.make CMakeFiles/cmTC_2746a.dir/build
make[1] : on entre dans le répertoire « /home/nicolas/esp/chaufeeau_solaire/build/CMakeFiles/CMakeTmp »
Building CXX object CMakeFiles/cmTC_2746a.dir/feature_tests.cxx.obj
/home/nicolas/esp/xtensa-lx106-elf/bin/xtensa-lx106-elf-g++    -mlongcalls -Wno-frame-address    -std=c++2a -o CMakeFiles/cmTC_2746a.dir/feature_tests.cxx.obj -c /home/nicolas/esp/chaufeeau_solaire/build/CMakeFiles/feature_tests.cxx
Linking CXX executable cmTC_2746a
/usr/bin/cmake -E cmake_link_script CMakeFiles/cmTC_2746a.dir/link.txt --verbose=1
/home/nicolas/esp/xtensa-lx106-elf/bin/xtensa-lx106-elf-g++  -mlongcalls -Wno-frame-address   -nostdlib -Wl,--gc-sections  CMakeFiles/cmTC_2746a.dir/feature_tests.cxx.obj  -o cmTC_2746a 
/home/nicolas/esp/xtensa-lx106-elf/bin/../lib/gcc/xtensa-lx106-elf/8.4.0/../../../../xtensa-lx106-elf/bin/ld: warning: cannot find entry symbol _start; not setting start address
make[1] : on quitte le répertoire « /home/nicolas/esp/chaufeeau_solaire/build/CMakeFiles/CMakeTmp »




Detecting CXX [-std=c++17] compiler features compiled with the following output:
Change Dir: /home/nicolas/esp/chaufeeau_solaire/build/CMakeFiles/CMakeTmp

Run Build Command:"/usr/bin/make" "cmTC_cc098/fast"
/usr/bin/make -f CMakeFiles/cmTC_cc098.dir/build.make CMakeFiles/cmTC_cc098.dir/build
make[1] : on entre dans le répertoire « /home/nicolas/esp/chaufeeau_solaire/build/CMakeFiles/CMakeTmp »
Building CXX object CMakeFiles/cmTC_cc098.dir/feature_tests.cxx.obj
/home/nicolas/esp/xtensa-lx106-elf/bin/xtensa-lx106-elf-g++    -mlongcalls -Wno-frame-address    -std=c++17 -o CMakeFiles/cmTC_cc098.dir/feature_tests.cxx.obj -c /home/nicolas/esp/chaufeeau_solaire/build/CMakeFiles/feature_tests.cxx
Linking CXX executable cmTC_cc098
/usr/bin/cmake -E cmake_link_script CMakeFiles/cmTC_cc098.dir/link.txt --verbose=1
/home/nicolas/esp/xtensa-lx106-elf/bin/xtensa-lx106-elf-g++  -mlongcalls -Wno-frame-address   -nostdlib -Wl,--gc-sections  CMakeFiles/cmTC_cc098.dir/feature_tests.cxx.obj  -o cmTC_cc098 
/home/nicolas/esp/xtensa-lx106-elf/bin/../lib/gcc/xtensa-lx106-elf/8.4.0/../../../../xtensa-lx106-elf/bin/ld: warning: cannot find entry symbol _start; not setting start address
make[1] : on quitte le répertoire « /home/nicolas/esp/chaufeeau_solaire/build/CMakeFiles/CMakeTmp »




Detecting CXX [-std=c++14] compiler features compiled with the following output:
Change Dir: /home/nicolas/esp/chaufeeau_solaire/build/CMakeFiles/CMakeTmp

Run Build Command:"/usr/bin/make" "cmTC_c34f2/fast"
/usr/bin/make -f CMakeFiles/cmTC_c34f2.dir/build.make CMakeFiles/cmTC_c34f2.dir/build
make[1] : on entre dans le répertoire « /home/nicolas/esp/chaufeeau_solaire/build/CMakeFiles/CMakeTmp »
Building CXX object CMakeFiles/cmTC_c34f2.dir/feature_tests.cxx.obj
/home/nicolas/esp/xtensa-lx106-elf/bin/xtensa-lx106-elf-g++    -mlongcalls -Wno-frame-address    -std=c++14 -o CMakeFiles/cmTC_c34f2.dir/feature_tests.cxx.obj -c /home/nicolas/esp/chaufeeau_solaire/build/CMakeFiles/feature_tests.cxx
Linking CXX executable cmTC_c34f2
/usr/bin/cmake -E cmake_link_script CMakeFiles/cmTC_c34f2.dir/link.txt --verbose=1
/home/nicolas/esp/xtensa-lx106-elf/bin/xtensa-lx106-elf-g++  -mlongcalls -Wno-frame-address   -nostdlib -Wl,--gc-sections  CMakeFiles/cmTC_c34f2.dir/feature_tests.cxx.obj  -o cmTC_c34f2 
/home/nicolas/esp/xtensa-lx106-elf/bin/../lib/gcc/xtensa-lx106-elf/8.4.0/../../../../xtensa-lx106-elf/bin/ld: warning: cannot find entry symbol _start; not setting start address
make[1] : on quitte le répertoire « /home/nicolas/esp/chaufeeau_solaire/build/CMakeFiles/CMakeTmp »




Detecting CXX [-std=c++11] compiler features compiled with the following output:
Change Dir: /home/nicolas/esp/chaufeeau_solaire/build/CMakeFiles/CMakeTmp

Run Build Command:"/usr/bin/make" "cmTC_b4b5b/fast"
/usr/bin/make -f CMakeFiles/cmTC_b4b5b.dir/build.make CMakeFiles/cmTC_b4b5b.dir/build
make[1] : on entre dans le répertoire « /home/nicolas/esp/chaufeeau_solaire/build/CMakeFiles/CMakeTmp »
Building CXX object CMakeFiles/cmTC_b4b5b.dir/feature_tests.cxx.obj
/home/nicolas/esp/xtensa-lx106-elf/bin/xtensa-lx106-elf-g++    -mlongcalls -Wno-frame-address    -std=c++11 -o CMakeFiles/cmTC_b4b5b.dir/feature_tests.cxx.obj -c /home/nicolas/esp/chaufeeau_solaire/build/CMakeFiles/feature_tests.cxx
Linking CXX executable cmTC_b4b5b
/usr/bin/cmake -E cmake_link_script CMakeFiles/cmTC_b4b5b.dir/link.txt --verbose=1
/home/nicolas/esp/xtensa-lx106-elf/bin/xtensa-lx106-elf-g++  -mlongcalls -Wno-frame-address   -nostdlib -Wl,--gc-sections  CMakeFiles/cmTC_b4b5b.dir/feature_tests.cxx.obj  -o cmTC_b4b5b 
/home/nicolas/esp/xtensa-lx106-elf/bin/../lib/gcc/xtensa-lx106-elf/8.4.0/../../../../xtensa-lx106-elf/bin/ld: warning: cannot find entry symbol _start; not setting start address
make[1] : on quitte le répertoire « /home/nicolas/esp/chaufeeau_solaire/build/CMakeFiles/CMakeTmp »




Detecting CXX [-std=c++98] compiler features compiled with the following output:
Change Dir: /home/nicolas/esp/chaufeeau_solaire/build/CMakeFiles/CMakeTmp

Run Build Command:"/usr/bin/make" "cmTC_10d28/fast"
/usr/bin/make -f CMakeFiles/cmTC_10d28.dir/build.make CMakeFiles/cmTC_10d28.dir/build
make[1] : on entre dans le répertoire « /home/nicolas/esp/chaufeeau_solaire/build/CMakeFiles/CMakeTmp »
Building CXX object CMakeFiles/cmTC_10d28.dir/feature_tests.cxx.obj
/home/nicolas/esp/xtensa-lx106-elf/bin/xtensa-lx106-elf-g++    -mlongcalls -Wno-frame-address    -std=c++98 -o CMakeFiles/cmTC_10d28.dir/feature_tests.cxx.obj -c /home/nicolas/esp/chaufeeau_solaire/build/CMakeFiles/feature_tests.cxx
Linking CXX executable cmTC_10d28
/usr/bin/cmake -E cmake_link_script CMakeFiles/cmTC_10d28.dir/link.txt --verbose=1
/home/nicolas/esp/xtensa-lx106-elf/bin/xtensa-lx106-elf-g++  -mlongcalls -Wno-frame-address   -nostdlib -Wl,--gc-sections  CMakeFiles/cmTC_10d28.dir/feature_tests.cxx.obj  -o cmTC_10d28 
/home/nicolas/esp/xtensa-lx106-elf/bin/../lib/gcc/xtensa-lx106-elf/8.4.0/../../../../xtensa-lx106-elf/bin/ld: warning: cannot find entry symbol _start; not setting start address
make[1] : on quitte le répertoire « /home/nicolas/esp/chaufeeau_solaire/build/CMakeFiles/CMakeTmp »


